Traceback (most recent call last):
  File "/Users/zhenchen/anaconda3/lib/python3.10/site-packages/jupyter_cache/executors/utils.py", line 58, in single_nb_execution
    executenb(
  File "/Users/zhenchen/anaconda3/lib/python3.10/site-packages/nbclient/client.py", line 1204, in execute
    return NotebookClient(nb=nb, resources=resources, km=km, **kwargs).execute()
  File "/Users/zhenchen/anaconda3/lib/python3.10/site-packages/nbclient/util.py", line 84, in wrapped
    return just_run(coro(*args, **kwargs))
  File "/Users/zhenchen/anaconda3/lib/python3.10/site-packages/nbclient/util.py", line 62, in just_run
    return loop.run_until_complete(coro)
  File "/Users/zhenchen/anaconda3/lib/python3.10/asyncio/base_events.py", line 649, in run_until_complete
    return future.result()
  File "/Users/zhenchen/anaconda3/lib/python3.10/site-packages/nbclient/client.py", line 663, in async_execute
    await self.async_execute_cell(
  File "/Users/zhenchen/anaconda3/lib/python3.10/site-packages/nbclient/client.py", line 965, in async_execute_cell
    await self._check_raise_for_error(cell, cell_index, exec_reply)
  File "/Users/zhenchen/anaconda3/lib/python3.10/site-packages/nbclient/client.py", line 862, in _check_raise_for_error
    raise CellExecutionError.from_cell_and_msg(cell, exec_reply_content)
nbclient.exceptions.CellExecutionError: An error occurred while executing the following cell:
------------------
import os
import sys 


# ä¸Šé¢ç©ºä¸€è¡Œæˆ–ä¸¤è¡Œ
class MyClass:
    
    def foo1(self):
        pass

    # ç±»å†…éƒ¨çš„å‡½æ•°ä¹‹é—´ä½¿ç”¨ä¸€ä¸ªç©ºè¡Œåˆ†å‰²
    def foo2(self):
        pass
        

# ç±»ä¸Žç±»å¤–éƒ¨çš„å‡½æ•°ä½¿ç”¨ä¸¤ä¸ªç©ºè¡Œåˆ†å‰²
def main1():
    my_class = MyClass()
    my_class.foo1()

if __name__ == "__main__":
    main()
------------------

[0;31m---------------------------------------------------------------------------[0m
[0;31mNameError[0m                                 Traceback (most recent call last)
Cell [0;32mIn[1], line 22[0m
[1;32m     19[0m     my_class[38;5;241m.[39mfoo1()
[1;32m     21[0m [38;5;28;01mif[39;00m [38;5;18m__name__[39m [38;5;241m==[39m [38;5;124m"[39m[38;5;124m__main__[39m[38;5;124m"[39m:
[0;32m---> 22[0m     [43mmain[49m()

[0;31mNameError[0m: name 'main' is not defined
NameError: name 'main' is not defined

