Traceback (most recent call last):
  File "/opt/anaconda3/lib/python3.12/site-packages/jupyter_core/utils/__init__.py", line 154, in wrapped
    asyncio.get_running_loop()
RuntimeError: no running event loop

During handling of the above exception, another exception occurred:

Traceback (most recent call last):
  File "/opt/anaconda3/lib/python3.12/site-packages/jupyter_cache/executors/utils.py", line 58, in single_nb_execution
    executenb(
  File "/opt/anaconda3/lib/python3.12/site-packages/nbclient/client.py", line 1319, in execute
    return NotebookClient(nb=nb, resources=resources, km=km, **kwargs).execute()
           ^^^^^^^^^^^^^^^^^^^^^^^^^^^^^^^^^^^^^^^^^^^^^^^^^^^^^^^^^^^^^^^^^^^^^
  File "/opt/anaconda3/lib/python3.12/site-packages/jupyter_core/utils/__init__.py", line 158, in wrapped
    return loop.run_until_complete(inner)
           ^^^^^^^^^^^^^^^^^^^^^^^^^^^^^^
  File "/opt/anaconda3/lib/python3.12/asyncio/base_events.py", line 686, in run_until_complete
    return future.result()
           ^^^^^^^^^^^^^^^
  File "/opt/anaconda3/lib/python3.12/site-packages/nbclient/client.py", line 709, in async_execute
    await self.async_execute_cell(
  File "/opt/anaconda3/lib/python3.12/site-packages/nbclient/client.py", line 1062, in async_execute_cell
    await self._check_raise_for_error(cell, cell_index, exec_reply)
  File "/opt/anaconda3/lib/python3.12/site-packages/nbclient/client.py", line 918, in _check_raise_for_error
    raise CellExecutionError.from_cell_and_msg(cell, exec_reply_content)
nbclient.exceptions.CellExecutionError: An error occurred while executing the following cell:
------------------
import pingouin as pg
import seaborn as sns

tips = sns.load_dataset("tips")
pg.anova(tips, dv="tip", between="sex")
------------------


[31m---------------------------------------------------------------------------[39m
[31mModuleNotFoundError[39m                       Traceback (most recent call last)
[36mCell[39m[36m [39m[32mIn[19][39m[32m, line 1[39m
[32m----> [39m[32m1[39m [38;5;28;01mimport[39;00m[38;5;250m [39m[34;01mpingouin[39;00m[38;5;250m [39m[38;5;28;01mas[39;00m[38;5;250m [39m[34;01mpg[39;00m
[32m      2[39m [38;5;28;01mimport[39;00m[38;5;250m [39m[34;01mseaborn[39;00m[38;5;250m [39m[38;5;28;01mas[39;00m[38;5;250m [39m[34;01msns[39;00m
[32m      4[39m tips = sns.load_dataset([33m"[39m[33mtips[39m[33m"[39m)

[36mFile [39m[32m/opt/anaconda3/lib/python3.12/site-packages/pingouin/__init__.py:7[39m
[32m      5[39m [38;5;28;01mfrom[39;00m[38;5;250m [39m[34;01m.[39;00m[34;01mdistribution[39;00m[38;5;250m [39m[38;5;28;01mimport[39;00m *
[32m      6[39m [38;5;28;01mfrom[39;00m[38;5;250m [39m[34;01m.[39;00m[34;01meffsize[39;00m[38;5;250m [39m[38;5;28;01mimport[39;00m *
[32m----> [39m[32m7[39m [38;5;28;01mfrom[39;00m[38;5;250m [39m[34;01m.[39;00m[34;01mequivalence[39;00m[38;5;250m [39m[38;5;28;01mimport[39;00m *
[32m      8[39m [38;5;28;01mfrom[39;00m[38;5;250m [39m[34;01m.[39;00m[34;01mmulticomp[39;00m[38;5;250m [39m[38;5;28;01mimport[39;00m *
[32m      9[39m [38;5;28;01mfrom[39;00m[38;5;250m [39m[34;01m.[39;00m[34;01mmultivariate[39;00m[38;5;250m [39m[38;5;28;01mimport[39;00m *

[36mFile [39m[32m/opt/anaconda3/lib/python3.12/site-packages/pingouin/equivalence.py:5[39m
[32m      3[39m [38;5;28;01mimport[39;00m[38;5;250m [39m[34;01mnumpy[39;00m[38;5;250m [39m[38;5;28;01mas[39;00m[38;5;250m [39m[34;01mnp[39;00m
[32m      4[39m [38;5;28;01mimport[39;00m[38;5;250m [39m[34;01mpandas[39;00m[38;5;250m [39m[38;5;28;01mas[39;00m[38;5;250m [39m[34;01mpd[39;00m
[32m----> [39m[32m5[39m [38;5;28;01mfrom[39;00m[38;5;250m [39m[34;01mpingouin[39;00m[34;01m.[39;00m[34;01mparametric[39;00m[38;5;250m [39m[38;5;28;01mimport[39;00m ttest
[32m      6[39m [38;5;28;01mfrom[39;00m[38;5;250m [39m[34;01mpingouin[39;00m[34;01m.[39;00m[34;01mutils[39;00m[38;5;250m [39m[38;5;28;01mimport[39;00m _postprocess_dataframe
[32m      9[39m __all__ = [[33m"[39m[33mtost[39m[33m"[39m]

[36mFile [39m[32m/opt/anaconda3/lib/python3.12/site-packages/pingouin/parametric.py:7[39m
[32m      5[39m [38;5;28;01mimport[39;00m[38;5;250m [39m[34;01mpandas[39;00m[38;5;250m [39m[38;5;28;01mas[39;00m[38;5;250m [39m[34;01mpd[39;00m
[32m      6[39m [38;5;28;01mfrom[39;00m[38;5;250m [39m[34;01mscipy[39;00m[34;01m.[39;00m[34;01mstats[39;00m[38;5;250m [39m[38;5;28;01mimport[39;00m f
[32m----> [39m[32m7[39m [38;5;28;01mimport[39;00m[38;5;250m [39m[34;01mpandas_flavor[39;00m[38;5;250m [39m[38;5;28;01mas[39;00m[38;5;250m [39m[34;01mpf[39;00m
[32m      8[39m [38;5;28;01mfrom[39;00m[38;5;250m [39m[34;01mpingouin[39;00m[38;5;250m [39m[38;5;28;01mimport[39;00m (
[32m      9[39m     _check_dataframe,
[32m     10[39m     remove_na,
[32m   (...)[39m[32m     15[39m     _postprocess_dataframe,
[32m     16[39m )
[32m     18[39m __all__ = [[33m"[39m[33mttest[39m[33m"[39m, [33m"[39m[33mrm_anova[39m[33m"[39m, [33m"[39m[33manova[39m[33m"[39m, [33m"[39m[33mwelch_anova[39m[33m"[39m, [33m"[39m[33mmixed_anova[39m[33m"[39m, [33m"[39m[33mancova[39m[33m"[39m]

[36mFile [39m[32m/opt/anaconda3/lib/python3.12/site-packages/pandas_flavor/__init__.py:10[39m
[32m      1[39m [33;03m"""Top-level API for pandas-flavor."""[39;00m
[32m      2[39m [38;5;28;01mfrom[39;00m[38;5;250m [39m[34;01m.[39;00m[34;01mregister[39;00m[38;5;250m [39m[38;5;28;01mimport[39;00m (
[32m      3[39m     register_dataframe_accessor,
[32m      4[39m     register_dataframe_method,
[32m   (...)[39m[32m      8[39m     register_groupby_method,
[32m      9[39m )
[32m---> [39m[32m10[39m [38;5;28;01mfrom[39;00m[38;5;250m [39m[34;01m.[39;00m[34;01mxarray[39;00m[38;5;250m [39m[38;5;28;01mimport[39;00m (
[32m     11[39m     register_xarray_dataarray_method,
[32m     12[39m     register_xarray_dataset_method,
[32m     13[39m )
[32m     15[39m __all__ = [
[32m     16[39m     [33m"[39m[33mregister_series_method[39m[33m"[39m,
[32m     17[39m     [33m"[39m[33mregister_series_accessor[39m[33m"[39m,
[32m   (...)[39m[32m     23[39m     [33m"[39m[33mregister_xarray_dataset_method[39m[33m"[39m,
[32m     24[39m ]

[36mFile [39m[32m/opt/anaconda3/lib/python3.12/site-packages/pandas_flavor/xarray.py:2[39m
[32m      1[39m [33;03m"""XArray support for pandas_flavor."""[39;00m
[32m----> [39m[32m2[39m [38;5;28;01mfrom[39;00m[38;5;250m [39m[34;01mxarray[39;00m[38;5;250m [39m[38;5;28;01mimport[39;00m register_dataarray_accessor, register_dataset_accessor
[32m      3[39m [38;5;28;01mfrom[39;00m[38;5;250m [39m[34;01mfunctools[39;00m[38;5;250m [39m[38;5;28;01mimport[39;00m wraps
[32m      6[39m [38;5;28;01mdef[39;00m[38;5;250m [39m[34mmake_accessor_wrapper[39m(method):

[31mModuleNotFoundError[39m: No module named 'xarray'

